


Dynamic libraries:
83a00000-8b800000 rw-p 00000000 00:00 0 
8b800000-ffe00000 ---p 00000000 00:00 0 
ffe00000-ffe76000 rw-p 00c9d000 00:19 1838528                            /usr/lib/jvm/java-17-openjdk-amd64/lib/server/classes.jsa
ffe76000-fff00000 rw-p 00000000 00:00 0 
fff00000-fff82000 rw-p 00c1b000 00:19 1838528                            /usr/lib/jvm/java-17-openjdk-amd64/lib/server/classes.jsa
fff82000-100000000 rw-p 00000000 00:00 0 
800000000-800458000 rw-p 00001000 00:19 1838528                          /usr/lib/jvm/java-17-openjdk-amd64/lib/server/classes.jsa
800458000-800be2000 r--p 00459000 00:19 1838528                          /usr/lib/jvm/java-17-openjdk-amd64/lib/server/classes.jsa
800be2000-801000000 ---p 00000000 00:00 0 
801000000-801010000 rw-p 00000000 00:00 0 
801010000-801030000 rw-p 00000000 00:00 0 
801030000-8010a0000 rw-p 00000000 00:00 0 
8010a0000-8010c0000 ---p 00000000 00:00 0 
8010c0000-8010e0000 rw-p 00000000 00:00 0 
8010e0000-841000000 ---p 00000000 00:00 0 
5597315b9000-5597315ba000 r--p 00000000 00:19 1838457                    /usr/lib/jvm/java-17-openjdk-amd64/bin/java
5597315ba000-5597315bb000 r-xp 00001000 00:19 1838457                    /usr/lib/jvm/java-17-openjdk-amd64/bin/java
5597315bb000-5597315bc000 r--p 00002000 00:19 1838457                    /usr/lib/jvm/java-17-openjdk-amd64/bin/java
5597315bc000-5597315bd000 r--p 00002000 00:19 1838457                    /usr/lib/jvm/java-17-openjdk-amd64/bin/java
5597315bd000-5597315be000 rw-p 00003000 00:19 1838457                    /usr/lib/jvm/java-17-openjdk-amd64/bin/java
559732a02000-559732a48000 rw-p 00000000 00:00 0                          [heap]
7fb2f8000000-7fb2f8021000 rw-p 00000000 00:00 0 
7fb2f8021000-7fb2fc000000 ---p 00000000 00:00 0 
7fb2fc000000-7fb2fc021000 rw-p 00000000 00:00 0 
7fb2fc021000-7fb300000000 ---p 00000000 00:00 0 
7fb300000000-7fb30024b000 rw-p 00000000 00:00 0 
7fb30024b000-7fb304000000 ---p 00000000 00:00 0 
7fb304000000-7fb3040bd000 rw-p 00000000 00:00 0 
7fb3040bd000-7fb308000000 ---p 00000000 00:00 0 
7fb308000000-7fb308021000 rw-p 00000000 00:00 0 
7fb308021000-7fb30c000000 ---p 00000000 00:00 0 
7fb30c000000-7fb30c021000 rw-p 00000000 00:00 0 
7fb30c021000-7fb310000000 ---p 00000000 00:00 0 
7fb310000000-7fb310021000 rw-p 00000000 00:00 0 
7fb310021000-7fb314000000 ---p 00000000 00:00 0 
7fb314000000-7fb314021000 rw-p 00000000 00:00 0 
7fb314021000-7fb318000000 ---p 00000000 00:00 0 
7fb318000000-7fb3182b4000 rw-p 00000000 00:00 0 
7fb3182b4000-7fb31c000000 ---p 00000000 00:00 0 
7fb31c000000-7fb31ca6c000 rw-p 00000000 00:00 0 
7fb31ca6c000-7fb320000000 ---p 00000000 00:00 0 
7fb323204000-7fb3235f2000 rw-p 00000000 00:00 0 
7fb3235f2000-7fb3235f3000 ---p 00000000 00:00 0 
7fb3235f3000-7fb3236f4000 rw-p 00000000 00:00 0 
7fb3236f4000-7fb3236f5000 ---p 00000000 00:00 0 
7fb3236f5000-7fb3237f6000 rw-p 00000000 00:00 0 
7fb3237f6000-7fb3237f7000 ---p 00000000 00:00 0 
7fb3237f7000-7fb3238f8000 rw-p 00000000 00:00 0 
7fb3238f8000-7fb3238fc000 ---p 00000000 00:00 0 
7fb3238fc000-7fb3239f9000 rw-p 00000000 00:00 0 
7fb3239f9000-7fb3239fd000 ---p 00000000 00:00 0 
7fb3239fd000-7fb323afa000 rw-p 00000000 00:00 0 
7fb323afa000-7fb323afe000 ---p 00000000 00:00 0 
7fb323afe000-7fb323bfb000 rw-p 00000000 00:00 0 
7fb323bfb000-7fb323bfc000 ---p 00000000 00:00 0 
7fb323bfc000-7fb323cfd000 rw-p 00000000 00:00 0 
7fb323cfd000-7fb323d01000 ---p 00000000 00:00 0 
7fb323d01000-7fb323dfe000 rw-p 00000000 00:00 0 
7fb323dfe000-7fb323e02000 ---p 00000000 00:00 0 
7fb323e02000-7fb323eff000 rw-p 00000000 00:00 0 
7fb323eff000-7fb323f03000 ---p 00000000 00:00 0 
7fb323f03000-7fb324000000 rw-p 00000000 00:00 0 
7fb324000000-7fb324021000 rw-p 00000000 00:00 0 
7fb324021000-7fb328000000 ---p 00000000 00:00 0 
7fb328000000-7fb328021000 rw-p 00000000 00:00 0 
7fb328021000-7fb32c000000 ---p 00000000 00:00 0 
7fb32c000000-7fb32c021000 rw-p 00000000 00:00 0 
7fb32c021000-7fb330000000 ---p 00000000 00:00 0 
7fb330000000-7fb330021000 rw-p 00000000 00:00 0 
7fb330021000-7fb334000000 ---p 00000000 00:00 0 
7fb334000000-7fb334021000 rw-p 00000000 00:00 0 
7fb334021000-7fb338000000 ---p 00000000 00:00 0 
7fb338000000-7fb338021000 rw-p 00000000 00:00 0 
7fb338021000-7fb33c000000 ---p 00000000 00:00 0 
7fb33c000000-7fb33c3f0000 rw-p 00000000 00:00 0 
7fb33c3f0000-7fb33c550000 rw-p 00000000 00:00 0 
7fb33c550000-7fb33c580000 ---p 00000000 00:00 0 
7fb33c580000-7fb33c5c0000 rw-p 00000000 00:00 0 
7fb33c5c0000-7fb340000000 ---p 00000000 00:00 0 
7fb340000000-7fb340021000 rw-p 00000000 00:00 0 
7fb340021000-7fb344000000 ---p 00000000 00:00 0 
7fb344000000-7fb344021000 rw-p 00000000 00:00 0 
7fb344021000-7fb348000000 ---p 00000000 00:00 0 
7fb348000000-7fb348021000 rw-p 00000000 00:00 0 
7fb348021000-7fb34c000000 ---p 00000000 00:00 0 
7fb34c000000-7fb34c021000 rw-p 00000000 00:00 0 
7fb34c021000-7fb350000000 ---p 00000000 00:00 0 
7fb350000000-7fb350021000 rw-p 00000000 00:00 0 
7fb350021000-7fb354000000 ---p 00000000 00:00 0 
7fb3540fd000-7fb354101000 ---p 00000000 00:00 0 
7fb354101000-7fb3541fe000 rw-p 00000000 00:00 0 
7fb3541fe000-7fb354202000 ---p 00000000 00:00 0 
7fb354202000-7fb3542ff000 rw-p 00000000 00:00 0 
7fb3542ff000-7fb354303000 ---p 00000000 00:00 0 
7fb354303000-7fb354400000 rw-p 00000000 00:00 0 
7fb354400000-7fb354960000 r--p 00000000 00:19 2025228                    /usr/lib/locale/locale-archive
7fb354a0a000-7fb354a0e000 ---p 00000000 00:00 0 
7fb354a0e000-7fb354b0b000 rw-p 00000000 00:00 0 
7fb354b0b000-7fb354b0f000 ---p 00000000 00:00 0 
7fb354b0f000-7fb354c0c000 rw-p 00000000 00:00 0 
7fb354c0c000-7fb354c10000 ---p 00000000 00:00 0 
7fb354c10000-7fb354d0d000 rw-p 00000000 00:00 0 
7fb354d0d000-7fb354d0e000 ---p 00000000 00:00 0 
7fb354d0e000-7fb354e0f000 rw-p 00000000 00:00 0 
7fb354e0f000-7fb354e14000 r--p 00000000 00:19 1838512                    /usr/lib/jvm/java-17-openjdk-amd64/lib/libjsvml.so
7fb354e14000-7fb354e55000 r-xp 00005000 00:19 1838512                    /usr/lib/jvm/java-17-openjdk-amd64/lib/libjsvml.so
7fb354e55000-7fb354ede000 r--p 00046000 00:19 1838512                    /usr/lib/jvm/java-17-openjdk-amd64/lib/libjsvml.so
7fb354ede000-7fb354edf000 r--p 000ce000 00:19 1838512                    /usr/lib/jvm/java-17-openjdk-amd64/lib/libjsvml.so
7fb354edf000-7fb354ee0000 rw-p 000cf000 00:19 1838512                    /usr/lib/jvm/java-17-openjdk-amd64/lib/libjsvml.so
7fb354ee0000-7fb354ee1000 ---p 00000000 00:00 0 
7fb354ee1000-7fb354fe2000 rw-p 00000000 00:00 0 
7fb354fe2000-7fb354fe3000 ---p 00000000 00:00 0 
7fb354fe3000-7fb3576e0000 rw-p 00000000 00:00 0 
7fb3576e0000-7fb3593f8000 ---p 00000000 00:00 0 
7fb3593f8000-7fb359400000 rw-p 00000000 00:00 0 
7fb359400000-7fb359680000 rwxp 00000000 00:00 0 
7fb359680000-7fb360937000 ---p 00000000 00:00 0 
7fb360937000-7fb360ba7000 rwxp 00000000 00:00 0 
7fb360ba7000-7fb360ec9000 ---p 00000000 00:00 0 
7fb360ec9000-7fb361139000 rwxp 00000000 00:00 0 
7fb361139000-7fb368400000 ---p 00000000 00:00 0 
7fb368400000-7fb36fe42000 r--s 00000000 00:19 1838527                    /usr/lib/jvm/java-17-openjdk-amd64/lib/modules
7fb36fe67000-7fb36fe6e000 r--s 00000000 00:19 1806426                    /usr/lib/x86_64-linux-gnu/gconv/gconv-modules.cache
7fb36fe6e000-7fb36fe72000 r--p 00000000 00:19 1838525                    /usr/lib/jvm/java-17-openjdk-amd64/lib/libverify.so
7fb36fe72000-7fb36fe79000 r-xp 00004000 00:19 1838525                    /usr/lib/jvm/java-17-openjdk-amd64/lib/libverify.so
7fb36fe79000-7fb36fe7b000 r--p 0000b000 00:19 1838525                    /usr/lib/jvm/java-17-openjdk-amd64/lib/libverify.so
7fb36fe7b000-7fb36fe7d000 r--p 0000c000 00:19 1838525                    /usr/lib/jvm/java-17-openjdk-amd64/lib/libverify.so
7fb36fe7d000-7fb36fe7e000 rw-p 0000e000 00:19 1838525                    /usr/lib/jvm/java-17-openjdk-amd64/lib/libverify.so
7fb36fe7e000-7fb370000000 rw-p 00000000 00:00 0 
7fb370000000-7fb370505000 rw-p 00000000 00:00 0 
7fb370505000-7fb374000000 ---p 00000000 00:00 0 
7fb374004000-7fb374006000 r--p 00000000 00:19 1838526                    /usr/lib/jvm/java-17-openjdk-amd64/lib/libzip.so
7fb374006000-7fb37400a000 r-xp 00002000 00:19 